# JRE version: OpenJDK Runtime Environment (8.0_222-b10) (build 1.8.0_222-8u222-b10-1ubuntu1~18.04.1-b10)
# Java VM: OpenJDK 64-Bit Server VM (25.222-b10 mixed mode linux-amd64 compressed oops)
Heap:
 PSYoungGen      total 253440K, used 10229K [0x00000000d6f80000, 0x00000000e7900000, 0x0000000100000000)
  eden space 243200K, 0% used [0x00000000d6f80000,0x00000000d6f80000,0x00000000e5d00000)
  from space 10240K, 99% used [0x00000000e6500000,0x00000000e6efd590,0x00000000e6f00000)
  to   space 7680K, 0% used [0x00000000e7180000,0x00000000e7180000,0x00000000e7900000)
 ParOldGen       total 45056K, used 13680K [0x0000000084e00000, 0x0000000087a00000, 0x00000000d6f80000)
  object space 45056K, 30% used [0x0000000084e00000,0x0000000085b5c188,0x0000000087a00000)
 Metaspace       used 30692K, capacity 32458K, committed 32640K, reserved 1077248K
  class space    used 4030K, capacity 4365K, committed 4480K, reserved 1048576K
GC Heap History (10 events):
Event: 3,521 GC heap after
Heap after GC invocations=3 (full 0):
 PSYoungGen      total 68608K, used 5106K [0x00000000d6f80000, 0x00000000df580000, 0x0000000100000000)
  eden space 63488K, 0% used [0x00000000d6f80000,0x00000000d6f80000,0x00000000dad80000)
  from space 5120K, 99% used [0x00000000dad80000,0x00000000db27c8d0,0x00000000db280000)
  to   space 5120K, 0% used [0x00000000df080000,0x00000000df080000,0x00000000df580000)
 ParOldGen       total 84992K, used 1750K [0x0000000084e00000, 0x000000008a100000, 0x00000000d6f80000)
  object space 84992K, 2% used [0x0000000084e00000,0x0000000084fb5938,0x000000008a100000)
 Metaspace       used 14586K, capacity 15060K, committed 15104K, reserved 1062912K
  class space    used 1903K, capacity 2029K, committed 2048K, reserved 1048576K
}
Event: 4,314 GC heap before
{Heap before GC invocations=4 (full 0):
 PSYoungGen      total 68608K, used 68594K [0x00000000d6f80000, 0x00000000df580000, 0x0000000100000000)
  eden space 63488K, 100% used [0x00000000d6f80000,0x00000000dad80000,0x00000000dad80000)
  from space 5120K, 99% used [0x00000000dad80000,0x00000000db27c8d0,0x00000000db280000)
  to   space 5120K, 0% used [0x00000000df080000,0x00000000df080000,0x00000000df580000)
 ParOldGen       total 84992K, used 1750K [0x0000000084e00000, 0x000000008a100000, 0x00000000d6f80000)
  object space 84992K, 2% used [0x0000000084e00000,0x0000000084fb5938,0x000000008a100000)
 Metaspace       used 19726K, capacity 20360K, committed 20480K, reserved 1067008K
  class space    used 2571K, capacity 2751K, committed 2816K, reserved 1048576K
Event: 4,335 GC heap after
Heap after GC invocations=4 (full 0):
 PSYoungGen      total 132096K, used 5119K [0x00000000d6f80000, 0x00000000df580000, 0x0000000100000000)
  eden space 126976K, 0% used [0x00000000d6f80000,0x00000000d6f80000,0x00000000deb80000)
  from space 5120K, 99% used [0x00000000df080000,0x00000000df57ff60,0x00000000df580000)
  to   space 5120K, 0% used [0x00000000deb80000,0x00000000deb80000,0x00000000df080000)
 ParOldGen       total 84992K, used 6272K [0x0000000084e00000, 0x000000008a100000, 0x00000000d6f80000)
  object space 84992K, 7% used [0x0000000084e00000,0x00000000854202b0,0x000000008a100000)
 Metaspace       used 19726K, capacity 20360K, committed 20480K, reserved 1067008K
  class space    used 2571K, capacity 2751K, committed 2816K, reserved 1048576K
}
Event: 4,433 GC heap before
{Heap before GC invocations=5 (full 0):
 PSYoungGen      total 132096K, used 16135K [0x00000000d6f80000, 0x00000000df580000, 0x0000000100000000)
  eden space 126976K, 8% used [0x00000000d6f80000,0x00000000d7a41e98,0x00000000deb80000)
  from space 5120K, 99% used [0x00000000df080000,0x00000000df57ff60,0x00000000df580000)
  to   space 5120K, 0% used [0x00000000deb80000,0x00000000deb80000,0x00000000df080000)
 ParOldGen       total 84992K, used 6272K [0x0000000084e00000, 0x000000008a100000, 0x00000000d6f80000)
  object space 84992K, 7% used [0x0000000084e00000,0x00000000854202b0,0x000000008a100000)
 Metaspace       used 20625K, capacity 21166K, committed 21296K, reserved 1067008K
  class space    used 2672K, capacity 2822K, committed 2944K, reserved 1048576K
Event: 4,443 GC heap after
Heap after GC invocations=5 (full 0):
 PSYoungGen      total 132096K, used 5103K [0x00000000d6f80000, 0x00000000e7b80000, 0x0000000100000000)
  eden space 126976K, 0% used [0x00000000d6f80000,0x00000000d6f80000,0x00000000deb80000)
  from space 5120K, 99% used [0x00000000deb80000,0x00000000df07bf70,0x00000000df080000)
  to   space 10240K, 0% used [0x00000000e7180000,0x00000000e7180000,0x00000000e7b80000)
 ParOldGen       total 84992K, used 6973K [0x0000000084e00000, 0x000000008a100000, 0x00000000d6f80000)
  object space 84992K, 8% used [0x0000000084e00000,0x00000000854cf478,0x000000008a100000)
 Metaspace       used 20625K, capacity 21166K, committed 21296K, reserved 1067008K
  class space    used 2672K, capacity 2822K, committed 2944K, reserved 1048576K
}
Event: 4,443 GC heap before
{Heap before GC invocations=6 (full 1):
 PSYoungGen      total 132096K, used 5103K [0x00000000d6f80000, 0x00000000e7b80000, 0x0000000100000000)
  eden space 126976K, 0% used [0x00000000d6f80000,0x00000000d6f80000,0x00000000deb80000)
  from space 5120K, 99% used [0x00000000deb80000,0x00000000df07bf70,0x00000000df080000)
  to   space 10240K, 0% used [0x00000000e7180000,0x00000000e7180000,0x00000000e7b80000)
 ParOldGen       total 84992K, used 6973K [0x0000000084e00000, 0x000000008a100000, 0x00000000d6f80000)
  object space 84992K, 8% used [0x0000000084e00000,0x00000000854cf478,0x000000008a100000)
 Metaspace       used 20625K, capacity 21166K, committed 21296K, reserved 1067008K
  class space    used 2672K, capacity 2822K, committed 2944K, reserved 1048576K
Event: 4,490 GC heap after
Heap after GC invocations=6 (full 1):
 PSYoungGen      total 132096K, used 0K [0x00000000d6f80000, 0x00000000e7b80000, 0x0000000100000000)
  eden space 126976K, 0% used [0x00000000d6f80000,0x00000000d6f80000,0x00000000deb80000)
  from space 5120K, 0% used [0x00000000deb80000,0x00000000deb80000,0x00000000df080000)
  to   space 10240K, 0% used [0x00000000e7180000,0x00000000e7180000,0x00000000e7b80000)
 ParOldGen       total 45056K, used 5803K [0x0000000084e00000, 0x0000000087a00000, 0x00000000d6f80000)
  object space 45056K, 12% used [0x0000000084e00000,0x00000000853aada8,0x0000000087a00000)
 Metaspace       used 20623K, capacity 21160K, committed 21296K, reserved 1067008K
  class space    used 2672K, capacity 2821K, committed 2944K, reserved 1048576K
}
Event: 6,251 GC heap before
{Heap before GC invocations=7 (full 1):
 PSYoungGen      total 132096K, used 126976K [0x00000000d6f80000, 0x00000000e7b80000, 0x0000000100000000)
  eden space 126976K, 100% used [0x00000000d6f80000,0x00000000deb80000,0x00000000deb80000)
  from space 5120K, 0% used [0x00000000deb80000,0x00000000deb80000,0x00000000df080000)
  to   space 10240K, 0% used [0x00000000e7180000,0x00000000e7180000,0x00000000e7b80000)
 ParOldGen       total 45056K, used 5803K [0x0000000084e00000, 0x0000000087a00000, 0x00000000d6f80000)
  object space 45056K, 12% used [0x0000000084e00000,0x00000000853aada8,0x0000000087a00000)
 Metaspace       used 22920K, capacity 23784K, committed 23936K, reserved 1071104K
  class space    used 2976K, capacity 3192K, committed 3200K, reserved 1048576K
Event: 6,544 GC heap after
Heap after GC invocations=7 (full 1):
 PSYoungGen      total 250880K, used 7470K [0x00000000d6f80000, 0x00000000e7900000, 0x0000000100000000)
  eden space 243200K, 0% used [0x00000000d6f80000,0x00000000d6f80000,0x00000000e5d00000)
  from space 7680K, 97% used [0x00000000e7180000,0x00000000e78cb860,0x00000000e7900000)
  to   space 10240K, 0% used [0x00000000e6500000,0x00000000e6500000,0x00000000e6f00000)
 ParOldGen       total 45056K, used 5811K [0x0000000084e00000, 0x0000000087a00000, 0x00000000d6f80000)
  object space 45056K, 12% used [0x0000000084e00000,0x00000000853acda8,0x0000000087a00000)
 Metaspace       used 22920K, capacity 23784K, committed 23936K, reserved 1071104K
  class space    used 2976K, capacity 3192K, committed 3200K, reserved 1048576K
}
Event: 8,831 GC heap before
{Heap before GC invocations=8 (full 1):
 PSYoungGen      total 250880K, used 250670K [0x00000000d6f80000, 0x00000000e7900000, 0x0000000100000000)
  eden space 243200K, 100% used [0x00000000d6f80000,0x00000000e5d00000,0x00000000e5d00000)
  from space 7680K, 97% used [0x00000000e7180000,0x00000000e78cb860,0x00000000e7900000)
  to   space 10240K, 0% used [0x00000000e6500000,0x00000000e6500000,0x00000000e6f00000)
 ParOldGen       total 45056K, used 5811K [0x0000000084e00000, 0x0000000087a00000, 0x00000000d6f80000)
  object space 45056K, 12% used [0x0000000084e00000,0x00000000853acda8,0x0000000087a00000)
 Metaspace       used 30692K, capacity 32458K, committed 32640K, reserved 1077248K
  class space    used 4030K, capacity 4365K, committed 4480K, reserved 1048576K

